================================================================================
SESSION: 13 Mar 2020 00:44:22 +0100. Executing /snap/krita/54/usr/bin/krita

ADVERTENCIA: Este archivo contiene información sobre su sistema y
sobre las imágenes con las que ha estado trabajando.

Si tiene algún problema con Krita, los desarrolladores de Krita le podrían
pedir que comparta este archivo con ellos. La información de este archivo
no se comparte automáticamente con los desarrolladores de Krita de
ninguna manera. Puede desactivar el registro en este archivo en el diálogo
de configuración de Krita.

Por favor, revise el contenido de este archivo antes de compartirlo con
alguien.

Krita

 Version: 4.2.8
 Languages: es
 Hidpi: true

Qt

  Version (compiled): 5.13.2
  Version (loaded): 5.13.2

OS Information

  Build ABI: x86_64-little_endian-lp64
  Build CPU: x86_64
  CPU: x86_64
  Kernel Type: linux
  Kernel Version: 5.3.0-40-generic
  Pretty Productname: Ubuntu Core 18
  Product Type: ubuntu-core
  Product Version: 18

OpenGL Info
 
  Vendor:  "Intel Open Source Technology Center" 
  Renderer:  "Mesa DRI Intel(R) HD Graphics 5500 (Broadwell GT2) " 
  Version:  "3.0 Mesa 19.0.8" 
  Shading language:  "1.30" 
  Requested format:  QSurfaceFormat(version 3.0, options QFlags<QSurfaceFormat::FormatOption>(DeprecatedFunctions), depthBufferSize 24, redBufferSize 8, greenBufferSize 8, blueBufferSize 8, alphaBufferSize 8, stencilBufferSize 8, samples -1, swapBehavior QSurfaceFormat::DoubleBuffer, swapInterval 0, colorSpace QSurfaceFormat::DefaultColorSpace, profile  QSurfaceFormat::CompatibilityProfile) 
  Current format:    QSurfaceFormat(version 3.0, options QFlags<QSurfaceFormat::FormatOption>(DeprecatedFunctions), depthBufferSize 24, redBufferSize 8, greenBufferSize 8, blueBufferSize 8, alphaBufferSize 8, stencilBufferSize 8, samples -1, swapBehavior QSurfaceFormat::DoubleBuffer, swapInterval 0, colorSpace QSurfaceFormat::DefaultColorSpace, profile  QSurfaceFormat::NoProfile) 
     Version: 3.0
     Supports deprecated functions true 
     is OpenGL ES: false 

QPA OpenGL Detection Info 
  supportsDesktopGL: true 
  supportsOpenGLES: true 
  isQtPreferOpenGLES: false 

Hardware Information

  GPU Acceleration: auto
  Memory: 3839 Mb
  Number of Cores: 4
  Swap Location: /tmp

Current Settings

	Current Swap Location: /tmp
	Undo Enabled: 1
	Undo Stack Limit: 30
	Use OpenGL: 1
	Use OpenGL Texture Buffer: 1
	Use AMD Vectorization Workaround: 0
	Canvas State: OPENGL_NOT_TRIED
	Autosave Interval: 900
	Use Backup Files: 1
	Number of Backups Kept: 1
	Backup File Suffix: ~
	Backup Location: Same Folder as the File
	Use Win8 Pointer Input: 0
	Use RightMiddleTabletButton Workaround: 0
	Levels of Detail Enabled: 0
	Use Zip64: 0



KRITA DID NOT CLOSE CORRECTLY
================================================================================
SESSION: 13 Mar 2020 00:45:52 +0100. Executing /snap/krita/54/usr/bin/krita

ADVERTENCIA: Este archivo contiene información sobre su sistema y
sobre las imágenes con las que ha estado trabajando.

Si tiene algún problema con Krita, los desarrolladores de Krita le podrían
pedir que comparta este archivo con ellos. La información de este archivo
no se comparte automáticamente con los desarrolladores de Krita de
ninguna manera. Puede desactivar el registro en este archivo en el diálogo
de configuración de Krita.

Por favor, revise el contenido de este archivo antes de compartirlo con
alguien.

Krita

 Version: 4.2.8
 Languages: es
 Hidpi: true

Qt

  Version (compiled): 5.13.2
  Version (loaded): 5.13.2

OS Information

  Build ABI: x86_64-little_endian-lp64
  Build CPU: x86_64
  CPU: x86_64
  Kernel Type: linux
  Kernel Version: 5.3.0-40-generic
  Pretty Productname: Ubuntu Core 18
  Product Type: ubuntu-core
  Product Version: 18

OpenGL Info
 
  Vendor:  "Intel Open Source Technology Center" 
  Renderer:  "Mesa DRI Intel(R) HD Graphics 5500 (Broadwell GT2) " 
  Version:  "3.0 Mesa 19.0.8" 
  Shading language:  "1.30" 
  Requested format:  QSurfaceFormat(version 3.0, options QFlags<QSurfaceFormat::FormatOption>(DeprecatedFunctions), depthBufferSize 24, redBufferSize 8, greenBufferSize 8, blueBufferSize 8, alphaBufferSize 8, stencilBufferSize 8, samples -1, swapBehavior QSurfaceFormat::DoubleBuffer, swapInterval 0, colorSpace QSurfaceFormat::DefaultColorSpace, profile  QSurfaceFormat::CompatibilityProfile) 
  Current format:    QSurfaceFormat(version 3.0, options QFlags<QSurfaceFormat::FormatOption>(DeprecatedFunctions), depthBufferSize 24, redBufferSize 8, greenBufferSize 8, blueBufferSize 8, alphaBufferSize 8, stencilBufferSize 8, samples -1, swapBehavior QSurfaceFormat::DoubleBuffer, swapInterval 0, colorSpace QSurfaceFormat::DefaultColorSpace, profile  QSurfaceFormat::NoProfile) 
     Version: 3.0
     Supports deprecated functions true 
     is OpenGL ES: false 

QPA OpenGL Detection Info 
  supportsDesktopGL: true 
  supportsOpenGLES: true 
  isQtPreferOpenGLES: false 
13 Mar 2020 00:45:57 +0100: CLOSING SESSION
13 Mar 2020 00:46:10 +0100: Created image "Sin nombre", 1600 * 1200 pixels, 100 dpi. Color model: Entero de 8 bits/canal RGB/Alfa (sRGB-elle-V2-srgbtrc.icc). Layers: 2
13 Mar 2020 00:47:09 +0100: Created image "Sin nombre", 1600 * 1200 pixels, 100 dpi. Color model: Entero de 8 bits/canal RGB/Alfa (sRGB-elle-V2-srgbtrc.icc). Layers: 2
13 Mar 2020 00:48:16 +0100: Saving Document  as /home/sergio/snap/krita/54/Practice quiz on SetsSergioPerez.jpg (mime: image/jpeg). 1600 * 1200 pixels, 4 layers.  101 frames, 24 framerate. Export configuration: No configuration
13 Mar 2020 00:48:29 +0100: Converting from application/x-krita to image/jpeg. Location: /home/sergio/snap/krita/54/Practice quiz on SetsSergioPerez.jpg. Real location: /home/sergio/snap/krita/54/Practice quiz on SetsSergioPerez.jpg. Batchmode: 0. Configuration: <!DOCTYPE params>
<params>
 <param type="internal" name="baseline">true</param>
 <param type="internal" name="exif">true</param>
 <param type="string" name="filters"><![CDATA[]]></param>
 <param type="internal" name="forceSRGB">false</param>
 <param type="internal" name="iptc">true</param>
 <param type="internal" name="optimize">true</param>
 <param type="internal" name="progressive">false</param>
 <param type="internal" name="quality">100</param>
 <param type="internal" name="saveProfile">true</param>
 <param type="internal" name="smoothing">0</param>
 <param type="internal" name="storeAuthor">false</param>
 <param type="internal" name="storeMetaData">false</param>
 <param type="internal" name="subsampling">0</param>
 <param type="color" name="transparencyFillcolor"><![CDATA[<!DOCTYPE color>
<color>
 <RGB space="sRGB-elle-V2-g10.icc" b="1" g="1" r="1"/>
</color>
]]></param>
 <param type="internal" name="xmp">true</param>
</params>

13 Mar 2020 00:48:32 +0100: Completed saving /home/sergio/snap/krita/54/Practice quiz on SetsSergioPerez.jpg (mime: image/jpeg). Result: OK. Size: 193671. MD5 Hash: 7240b2b4db11842b3f5053abce744e3d
13 Mar 2020 00:50:01 +0100: CLOSING SESSION

KRITA DID NOT CLOSE CORRECTLY
================================================================================
SESSION: 14 Mar 2020 23:17:19 +0100. Executing /snap/krita/54/usr/bin/krita

ADVERTENCIA: Este archivo contiene información sobre su sistema y
sobre las imágenes con las que ha estado trabajando.

Si tiene algún problema con Krita, los desarrolladores de Krita le podrían
pedir que comparta este archivo con ellos. La información de este archivo
no se comparte automáticamente con los desarrolladores de Krita de
ninguna manera. Puede desactivar el registro en este archivo en el diálogo
de configuración de Krita.

Por favor, revise el contenido de este archivo antes de compartirlo con
alguien.

Krita

 Version: 4.2.8
 Languages: es
 Hidpi: true

Qt

  Version (compiled): 5.13.2
  Version (loaded): 5.13.2

OS Information

  Build ABI: x86_64-little_endian-lp64
  Build CPU: x86_64
  CPU: x86_64
  Kernel Type: linux
  Kernel Version: 5.3.0-40-generic
  Pretty Productname: Ubuntu Core 18
  Product Type: ubuntu-core
  Product Version: 18

OpenGL Info
 
  Vendor:  "Intel Open Source Technology Center" 
  Renderer:  "Mesa DRI Intel(R) HD Graphics 5500 (Broadwell GT2) " 
  Version:  "3.0 Mesa 19.0.8" 
  Shading language:  "1.30" 
  Requested format:  QSurfaceFormat(version 3.0, options QFlags<QSurfaceFormat::FormatOption>(DeprecatedFunctions), depthBufferSize 24, redBufferSize 8, greenBufferSize 8, blueBufferSize 8, alphaBufferSize 8, stencilBufferSize 8, samples -1, swapBehavior QSurfaceFormat::DoubleBuffer, swapInterval 0, colorSpace QSurfaceFormat::DefaultColorSpace, profile  QSurfaceFormat::CompatibilityProfile) 
  Current format:    QSurfaceFormat(version 3.0, options QFlags<QSurfaceFormat::FormatOption>(DeprecatedFunctions), depthBufferSize 24, redBufferSize 8, greenBufferSize 8, blueBufferSize 8, alphaBufferSize 8, stencilBufferSize 8, samples -1, swapBehavior QSurfaceFormat::DoubleBuffer, swapInterval 0, colorSpace QSurfaceFormat::DefaultColorSpace, profile  QSurfaceFormat::NoProfile) 
     Version: 3.0
     Supports deprecated functions true 
     is OpenGL ES: false 

QPA OpenGL Detection Info 
  supportsDesktopGL: true 
  supportsOpenGLES: true 
  isQtPreferOpenGLES: false 

Hardware Information

  GPU Acceleration: auto
  Memory: 3839 Mb
  Number of Cores: 4
  Swap Location: /tmp

Current Settings

	Current Swap Location: /tmp
	Undo Enabled: 1
	Undo Stack Limit: 30
	Use OpenGL: 1
	Use OpenGL Texture Buffer: 1
	Use AMD Vectorization Workaround: 0
	Canvas State: OPENGL_SUCCESS
	Autosave Interval: 900
	Use Backup Files: 1
	Number of Backups Kept: 1
	Backup File Suffix: ~
	Backup Location: Same Folder as the File
	Use Win8 Pointer Input: 0
	Use RightMiddleTabletButton Workaround: 0
	Levels of Detail Enabled: 0
	Use Zip64: 0


14 Mar 2020 23:18:00 +0100: Created image "Sin nombre", 1600 * 1200 pixels, 100 dpi. Color model: Entero de 8 bits/canal RGB/Alfa (sRGB-elle-V2-srgbtrc.icc). Layers: 2
14 Mar 2020 23:18:47 +0100: Saving Document  as /home/sergio/snap/krita/54/Practice quiz on the Number Line, including Inequalities.jpg (mime: image/jpeg). 1600 * 1200 pixels, 4 layers.  101 frames, 24 framerate. Export configuration: No configuration
14 Mar 2020 23:18:51 +0100: Converting from application/x-krita to image/jpeg. Location: /home/sergio/snap/krita/54/Practice quiz on the Number Line, including Inequalities.jpg. Real location: /home/sergio/snap/krita/54/Practice quiz on the Number Line, including Inequalities.jpg. Batchmode: 0. Configuration: <!DOCTYPE params>
<params>
 <param type="internal" name="baseline">true</param>
 <param type="internal" name="exif">true</param>
 <param type="string" name="filters"><![CDATA[]]></param>
 <param type="internal" name="forceSRGB">false</param>
 <param type="internal" name="iptc">true</param>
 <param type="internal" name="optimize">true</param>
 <param type="internal" name="progressive">false</param>
 <param type="internal" name="quality">100</param>
 <param type="internal" name="saveProfile">true</param>
 <param type="internal" name="smoothing">0</param>
 <param type="internal" name="storeAuthor">false</param>
 <param type="internal" name="storeMetaData">false</param>
 <param type="internal" name="subsampling">0</param>
 <param type="color" name="transparencyFillcolor"><![CDATA[<!DOCTYPE color>
<color>
 <RGB space="sRGB-elle-V2-g10.icc" b="1" r="1" g="1"/>
</color>
]]></param>
 <param type="internal" name="xmp">true</param>
</params>

14 Mar 2020 23:18:52 +0100: Completed saving /home/sergio/snap/krita/54/Practice quiz on the Number Line, including Inequalities.jpg (mime: image/jpeg). Result: OK. Size: 199069. MD5 Hash: 9eca77df3988ee9aacbdb678ebb5c41f
14 Mar 2020 23:52:53 +0100: Created image "Sin nombre", 1600 * 1200 pixels, 100 dpi. Color model: Entero de 8 bits/canal RGB/Alfa (sRGB-elle-V2-srgbtrc.icc). Layers: 2
14 Mar 2020 23:53:24 +0100: Saving Document  as /home/sergio/snap/krita/54/Practice quiz on Simplification Rules and Sigma Notation.kra (mime: application/x-krita). 1600 * 1200 pixels, 4 layers.  101 frames, 24 framerate. Export configuration: No configuration
14 Mar 2020 23:53:24 +0100: Converting from application/x-krita to application/x-krita. Location: /home/sergio/snap/krita/54/Practice quiz on Simplification Rules and Sigma Notation.kra. Real location: /home/sergio/snap/krita/54/Practice quiz on Simplification Rules and Sigma Notation.kra. Batchmode: 0. Configuration: none
14 Mar 2020 23:53:25 +0100: Completed saving /home/sergio/snap/krita/54/Practice quiz on Simplification Rules and Sigma Notation.kra (mime: application/x-krita). Result: OK. Size: 467696. MD5 Hash: fb16c8b122040a06b551b3065fda0122
14 Mar 2020 23:55:17 +0100: Saving Document /home/sergio/snap/krita/54/Practice quiz on Simplification Rules and Sigma Notation.kra as /home/sergio/snap/krita/54/Practice quiz on Simplification Rules and Sigma Notation.kra (mime: application/x-krita). 1600 * 1200 pixels, 5 layers.  101 frames, 24 framerate. Export configuration: No configuration
14 Mar 2020 23:55:17 +0100: Create a simple backup for /home/sergio/snap/krita/54/Practice quiz on Simplification Rules and Sigma Notation.kra in the same location as the file.
14 Mar 2020 23:55:17 +0100: Converting from application/x-krita to application/x-krita. Location: /home/sergio/snap/krita/54/Practice quiz on Simplification Rules and Sigma Notation.kra. Real location: /home/sergio/snap/krita/54/Practice quiz on Simplification Rules and Sigma Notation.kra. Batchmode: 0. Configuration: none
14 Mar 2020 23:55:18 +0100: Completed saving /home/sergio/snap/krita/54/Practice quiz on Simplification Rules and Sigma Notation.kra (mime: application/x-krita). Result: OK. Size: 763347. MD5 Hash: 03a54e82b11921a16a249607173abb7c
15 Mar 2020 00:22:09 +0100: Saving Document /home/sergio/snap/krita/54/Practice quiz on Simplification Rules and Sigma Notation.kra as /home/sergio/snap/krita/54/Graded quiz on Sets, Number Line, Inequalities, Simplification, and Sigma Notation.kra (mime: application/x-krita). 1600 * 1200 pixels, 6 layers.  101 frames, 24 framerate. Export configuration: No configuration
15 Mar 2020 00:22:09 +0100: Converting from application/x-krita to application/x-krita. Location: /home/sergio/snap/krita/54/Graded quiz on Sets, Number Line, Inequalities, Simplification, and Sigma Notation.kra. Real location: /home/sergio/snap/krita/54/Graded quiz on Sets, Number Line, Inequalities, Simplification, and Sigma Notation.kra. Batchmode: 0. Configuration: none
15 Mar 2020 00:22:10 +0100: Completed saving /home/sergio/snap/krita/54/Graded quiz on Sets, Number Line, Inequalities, Simplification, and Sigma Notation.kra (mime: application/x-krita). Result: OK. Size: 1100891. MD5 Hash: 95aa70573e1e3173693f7be6e1957aff

KRITA DID NOT CLOSE CORRECTLY
================================================================================
SESSION: 15 Mar 2020 20:19:39 +0100. Executing /snap/krita/54/usr/bin/krita

ADVERTENCIA: Este archivo contiene información sobre su sistema y
sobre las imágenes con las que ha estado trabajando.

Si tiene algún problema con Krita, los desarrolladores de Krita le podrían
pedir que comparta este archivo con ellos. La información de este archivo
no se comparte automáticamente con los desarrolladores de Krita de
ninguna manera. Puede desactivar el registro en este archivo en el diálogo
de configuración de Krita.

Por favor, revise el contenido de este archivo antes de compartirlo con
alguien.

Krita

 Version: 4.2.8
 Languages: es
 Hidpi: true

Qt

  Version (compiled): 5.13.2
  Version (loaded): 5.13.2

OS Information

  Build ABI: x86_64-little_endian-lp64
  Build CPU: x86_64
  CPU: x86_64
  Kernel Type: linux
  Kernel Version: 5.3.0-40-generic
  Pretty Productname: Ubuntu Core 18
  Product Type: ubuntu-core
  Product Version: 18

OpenGL Info
 
  Vendor:  "Intel Open Source Technology Center" 
  Renderer:  "Mesa DRI Intel(R) HD Graphics 5500 (Broadwell GT2) " 
  Version:  "3.0 Mesa 19.0.8" 
  Shading language:  "1.30" 
  Requested format:  QSurfaceFormat(version 3.0, options QFlags<QSurfaceFormat::FormatOption>(DeprecatedFunctions), depthBufferSize 24, redBufferSize 8, greenBufferSize 8, blueBufferSize 8, alphaBufferSize 8, stencilBufferSize 8, samples -1, swapBehavior QSurfaceFormat::DoubleBuffer, swapInterval 0, colorSpace QSurfaceFormat::DefaultColorSpace, profile  QSurfaceFormat::CompatibilityProfile) 
  Current format:    QSurfaceFormat(version 3.0, options QFlags<QSurfaceFormat::FormatOption>(DeprecatedFunctions), depthBufferSize 24, redBufferSize 8, greenBufferSize 8, blueBufferSize 8, alphaBufferSize 8, stencilBufferSize 8, samples -1, swapBehavior QSurfaceFormat::DoubleBuffer, swapInterval 0, colorSpace QSurfaceFormat::DefaultColorSpace, profile  QSurfaceFormat::NoProfile) 
     Version: 3.0
     Supports deprecated functions true 
     is OpenGL ES: false 

QPA OpenGL Detection Info 
  supportsDesktopGL: true 
  supportsOpenGLES: true 
  isQtPreferOpenGLES: false 

Hardware Information

  GPU Acceleration: auto
  Memory: 3839 Mb
  Number of Cores: 4
  Swap Location: /tmp

Current Settings

	Current Swap Location: /tmp
	Undo Enabled: 1
	Undo Stack Limit: 30
	Use OpenGL: 1
	Use OpenGL Texture Buffer: 1
	Use AMD Vectorization Workaround: 0
	Canvas State: OPENGL_SUCCESS
	Autosave Interval: 900
	Use Backup Files: 1
	Number of Backups Kept: 1
	Backup File Suffix: ~
	Backup Location: Same Folder as the File
	Use Win8 Pointer Input: 0
	Use RightMiddleTabletButton Workaround: 0
	Levels of Detail Enabled: 0
	Use Zip64: 0


15 Mar 2020 20:46:30 +0100: Created image "Sin nombre", 1600 * 1200 pixels, 100 dpi. Color model: Entero de 8 bits/canal RGB/Alfa (sRGB-elle-V2-srgbtrc.icc). Layers: 2
15 Mar 2020 20:46:48 +0100: Saving Document  as /home/sergio/snap/krita/54/Practice quiz on the Cartesian Plane.kra (mime: application/x-krita). 1600 * 1200 pixels, 4 layers.  101 frames, 24 framerate. Export configuration: No configuration
15 Mar 2020 20:46:48 +0100: Converting from application/x-krita to application/x-krita. Location: /home/sergio/snap/krita/54/Practice quiz on the Cartesian Plane.kra. Real location: /home/sergio/snap/krita/54/Practice quiz on the Cartesian Plane.kra. Batchmode: 0. Configuration: none
15 Mar 2020 20:46:48 +0100: Completed saving /home/sergio/snap/krita/54/Practice quiz on the Cartesian Plane.kra (mime: application/x-krita). Result: OK. Size: 457926. MD5 Hash: 9cb7064c5ddbe1fc019243bb677be918
15 Mar 2020 21:01:30 +0100: Autosaving: /home/sergio/snap/krita/54/Practice quiz on the Cartesian Plane.kra-autosave.kra
15 Mar 2020 21:01:30 +0100: Converting from application/x-krita to application/x-krita. Location: /home/sergio/snap/krita/54/Practice quiz on the Cartesian Plane.kra-autosave.kra. Real location: /home/sergio/snap/krita/54/Practice quiz on the Cartesian Plane.kra-autosave.kra. Batchmode: 0. Configuration: none
15 Mar 2020 21:01:30 +0100: Completed saving /home/sergio/snap/krita/54/Practice quiz on the Cartesian Plane.kra-autosave.kra (mime: application/x-krita). Result: OK. Size: 329062. MD5 Hash: 4f4afdb99513a7e80d40d15fb5e75366
15 Mar 2020 21:26:44 +0100: Created image "Sin nombre", 1600 * 1200 pixels, 100 dpi. Color model: Entero de 8 bits/canal RGB/Alfa (sRGB-elle-V2-srgbtrc.icc). Layers: 2
15 Mar 2020 21:27:04 +0100: Saving Document  as /home/sergio/snap/krita/54/Practice quiz on Types of Functions.kra (mime: application/x-krita). 1600 * 1200 pixels, 4 layers.  101 frames, 24 framerate. Export configuration: No configuration
15 Mar 2020 21:27:04 +0100: Converting from application/x-krita to application/x-krita. Location: /home/sergio/snap/krita/54/Practice quiz on Types of Functions.kra. Real location: /home/sergio/snap/krita/54/Practice quiz on Types of Functions.kra. Batchmode: 0. Configuration: none
15 Mar 2020 21:27:05 +0100: Completed saving /home/sergio/snap/krita/54/Practice quiz on Types of Functions.kra (mime: application/x-krita). Result: OK. Size: 507339. MD5 Hash: 3160315bc9b1f4c382b068f022535833
15 Mar 2020 21:52:57 +0100: Created image "Sin nombre", 1600 * 1200 pixels, 100 dpi. Color model: Entero de 8 bits/canal RGB/Alfa (sRGB-elle-V2-srgbtrc.icc). Layers: 2
15 Mar 2020 21:53:13 +0100: Saving Document  as /home/sergio/snap/krita/54/Graded quiz on Cartesian Plane and Types of Function.kra (mime: application/x-krita). 1600 * 1200 pixels, 4 layers.  101 frames, 24 framerate. Export configuration: No configuration
15 Mar 2020 21:53:13 +0100: Converting from application/x-krita to application/x-krita. Location: /home/sergio/snap/krita/54/Graded quiz on Cartesian Plane and Types of Function.kra. Real location: /home/sergio/snap/krita/54/Graded quiz on Cartesian Plane and Types of Function.kra. Batchmode: 0. Configuration: none
15 Mar 2020 21:53:13 +0100: Completed saving /home/sergio/snap/krita/54/Graded quiz on Cartesian Plane and Types of Function.kra (mime: application/x-krita). Result: OK. Size: 490066. MD5 Hash: f8391c9cdb77a47519f573c8a9cc8994
15 Mar 2020 22:14:04 +0100: Created image "Sin nombre", 1600 * 1200 pixels, 100 dpi. Color model: Entero de 8 bits/canal RGB/Alfa (sRGB-elle-V2-srgbtrc.icc). Layers: 2
15 Mar 2020 22:14:20 +0100: Saving Document  as /home/sergio/snap/krita/54/Practice quiz onTangent Lines to Functions.kra (mime: application/x-krita). 1600 * 1200 pixels, 4 layers.  101 frames, 24 framerate. Export configuration: No configuration
15 Mar 2020 22:14:20 +0100: Converting from application/x-krita to application/x-krita. Location: /home/sergio/snap/krita/54/Practice quiz onTangent Lines to Functions.kra. Real location: /home/sergio/snap/krita/54/Practice quiz onTangent Lines to Functions.kra. Batchmode: 0. Configuration: none
15 Mar 2020 22:14:21 +0100: Completed saving /home/sergio/snap/krita/54/Practice quiz onTangent Lines to Functions.kra (mime: application/x-krita). Result: OK. Size: 498746. MD5 Hash: e74f6a1c93eb6ceda83e1696a60fa1ae
15 Mar 2020 23:14:45 +0100: Created image "Sin nombre", 1600 * 1200 pixels, 100 dpi. Color model: Entero de 8 bits/canal RGB/Alfa (sRGB-elle-V2-srgbtrc.icc). Layers: 2
15 Mar 2020 23:14:59 +0100: Saving Document  as /home/sergio/snap/krita/54/Practice quiz on Exponents and Logarithms.kra (mime: application/x-krita). 1600 * 1200 pixels, 4 layers.  101 frames, 24 framerate. Export configuration: No configuration
15 Mar 2020 23:14:59 +0100: Converting from application/x-krita to application/x-krita. Location: /home/sergio/snap/krita/54/Practice quiz on Exponents and Logarithms.kra. Real location: /home/sergio/snap/krita/54/Practice quiz on Exponents and Logarithms.kra. Batchmode: 0. Configuration: none
15 Mar 2020 23:14:59 +0100: Completed saving /home/sergio/snap/krita/54/Practice quiz on Exponents and Logarithms.kra (mime: application/x-krita). Result: OK. Size: 486966. MD5 Hash: 7267c2bbabb136af3ba1fdefe2765a06
16 Mar 2020 01:48:55 +0100: Created image "Sin nombre", 1600 * 1200 pixels, 100 dpi. Color model: Entero de 8 bits/canal RGB/Alfa (sRGB-elle-V2-srgbtrc.icc). Layers: 2
16 Mar 2020 01:49:14 +0100: Saving Document  as /home/sergio/snap/krita/54/Graded quiz on Tangent Lines to Functions, Exponents and Logarithms.kra (mime: application/x-krita). 1600 * 1200 pixels, 4 layers.  101 frames, 24 framerate. Export configuration: No configuration
16 Mar 2020 01:49:15 +0100: Converting from application/x-krita to application/x-krita. Location: /home/sergio/snap/krita/54/Graded quiz on Tangent Lines to Functions, Exponents and Logarithms.kra. Real location: /home/sergio/snap/krita/54/Graded quiz on Tangent Lines to Functions, Exponents and Logarithms.kra. Batchmode: 0. Configuration: none
16 Mar 2020 01:49:15 +0100: Completed saving /home/sergio/snap/krita/54/Graded quiz on Tangent Lines to Functions, Exponents and Logarithms.kra (mime: application/x-krita). Result: OK. Size: 483895. MD5 Hash: b0cd05e11a915d820c93e299047d0413
16 Mar 2020 02:04:08 +0100: Created image "Sin nombre", 1600 * 1200 pixels, 100 dpi. Color model: Entero de 8 bits/canal RGB/Alfa (sRGB-elle-V2-srgbtrc.icc). Layers: 2
16 Mar 2020 02:04:30 +0100: Saving Document  as /home/sergio/snap/krita/54/Practice quiz on Probability Concepts.kra (mime: application/x-krita). 1600 * 1200 pixels, 4 layers.  101 frames, 24 framerate. Export configuration: No configuration
16 Mar 2020 02:04:30 +0100: Converting from application/x-krita to application/x-krita. Location: /home/sergio/snap/krita/54/Practice quiz on Probability Concepts.kra. Real location: /home/sergio/snap/krita/54/Practice quiz on Probability Concepts.kra. Batchmode: 0. Configuration: none
16 Mar 2020 02:04:30 +0100: Completed saving /home/sergio/snap/krita/54/Practice quiz on Probability Concepts.kra (mime: application/x-krita). Result: OK. Size: 480162. MD5 Hash: 535b94531b6fd8727e33821617f15adf
16 Mar 2020 02:04:50 +0100: Saving Document /home/sergio/snap/krita/54/Practice quiz on the Cartesian Plane.kra as /home/sergio/snap/krita/54/Practice quiz on the Cartesian Plane.kra (mime: application/x-krita). 1600 * 1200 pixels, 4 layers.  101 frames, 24 framerate. Export configuration: No configuration
16 Mar 2020 02:04:50 +0100: Create a simple backup for /home/sergio/snap/krita/54/Practice quiz on the Cartesian Plane.kra in the same location as the file.
16 Mar 2020 02:04:50 +0100: Converting from application/x-krita to application/x-krita. Location: /home/sergio/snap/krita/54/Practice quiz on the Cartesian Plane.kra. Real location: /home/sergio/snap/krita/54/Practice quiz on the Cartesian Plane.kra. Batchmode: 0. Configuration: none
16 Mar 2020 02:04:50 +0100: Completed saving /home/sergio/snap/krita/54/Practice quiz on the Cartesian Plane.kra (mime: application/x-krita). Result: OK. Size: 458492. MD5 Hash: 680591ec26a6e4bf83d44ea271073c40
16 Mar 2020 02:04:50 +0100: Removing autosave file: /home/sergio/snap/krita/54/Practice quiz on the Cartesian Plane.kra-autosave.kra
16 Mar 2020 02:04:55 +0100: CLOSING SESSION

KRITA DID NOT CLOSE CORRECTLY
================================================================================
SESSION: 16 Mar 2020 21:48:42 +0100. Executing /snap/krita/54/usr/bin/krita

ADVERTENCIA: Este archivo contiene información sobre su sistema y
sobre las imágenes con las que ha estado trabajando.

Si tiene algún problema con Krita, los desarrolladores de Krita le podrían
pedir que comparta este archivo con ellos. La información de este archivo
no se comparte automáticamente con los desarrolladores de Krita de
ninguna manera. Puede desactivar el registro en este archivo en el diálogo
de configuración de Krita.

Por favor, revise el contenido de este archivo antes de compartirlo con
alguien.

Krita

 Version: 4.2.8
 Languages: es
 Hidpi: true

Qt

  Version (compiled): 5.13.2
  Version (loaded): 5.13.2

OS Information

  Build ABI: x86_64-little_endian-lp64
  Build CPU: x86_64
  CPU: x86_64
  Kernel Type: linux
  Kernel Version: 5.3.0-40-generic
  Pretty Productname: Ubuntu Core 18
  Product Type: ubuntu-core
  Product Version: 18

OpenGL Info
 
  Vendor:  "Intel Open Source Technology Center" 
  Renderer:  "Mesa DRI Intel(R) HD Graphics 5500 (Broadwell GT2) " 
  Version:  "3.0 Mesa 19.0.8" 
  Shading language:  "1.30" 
  Requested format:  QSurfaceFormat(version 3.0, options QFlags<QSurfaceFormat::FormatOption>(DeprecatedFunctions), depthBufferSize 24, redBufferSize 8, greenBufferSize 8, blueBufferSize 8, alphaBufferSize 8, stencilBufferSize 8, samples -1, swapBehavior QSurfaceFormat::DoubleBuffer, swapInterval 0, colorSpace QSurfaceFormat::DefaultColorSpace, profile  QSurfaceFormat::CompatibilityProfile) 
  Current format:    QSurfaceFormat(version 3.0, options QFlags<QSurfaceFormat::FormatOption>(DeprecatedFunctions), depthBufferSize 24, redBufferSize 8, greenBufferSize 8, blueBufferSize 8, alphaBufferSize 8, stencilBufferSize 8, samples -1, swapBehavior QSurfaceFormat::DoubleBuffer, swapInterval 0, colorSpace QSurfaceFormat::DefaultColorSpace, profile  QSurfaceFormat::NoProfile) 
     Version: 3.0
     Supports deprecated functions true 
     is OpenGL ES: false 

QPA OpenGL Detection Info 
  supportsDesktopGL: true 
  supportsOpenGLES: true 
  isQtPreferOpenGLES: false 

Hardware Information

  GPU Acceleration: auto
  Memory: 3839 Mb
  Number of Cores: 4
  Swap Location: /tmp

Current Settings

	Current Swap Location: /tmp
	Undo Enabled: 1
	Undo Stack Limit: 30
	Use OpenGL: 1
	Use OpenGL Texture Buffer: 1
	Use AMD Vectorization Workaround: 0
	Canvas State: OPENGL_SUCCESS
	Autosave Interval: 900
	Use Backup Files: 1
	Number of Backups Kept: 1
	Backup File Suffix: ~
	Backup Location: Same Folder as the File
	Use Win8 Pointer Input: 0
	Use RightMiddleTabletButton Workaround: 0
	Levels of Detail Enabled: 0
	Use Zip64: 0


16 Mar 2020 21:49:21 +0100: Created image "Sin nombre", 1600 * 1200 pixels, 100 dpi. Color model: Entero de 8 bits/canal RGB/Alfa (sRGB-elle-V2-srgbtrc.icc). Layers: 2
16 Mar 2020 21:50:24 +0100: Saving Document  as /home/sergio/snap/krita/54/Practice quiz on Bayes Theorem and the Binomial Theorem.kra (mime: application/x-krita). 1600 * 1200 pixels, 4 layers.  101 frames, 24 framerate. Export configuration: No configuration
16 Mar 2020 21:50:26 +0100: Converting from application/x-krita to application/x-krita. Location: /home/sergio/snap/krita/54/Practice quiz on Bayes Theorem and the Binomial Theorem.kra. Real location: /home/sergio/snap/krita/54/Practice quiz on Bayes Theorem and the Binomial Theorem.kra. Batchmode: 0. Configuration: none
16 Mar 2020 21:50:28 +0100: Completed saving /home/sergio/snap/krita/54/Practice quiz on Bayes Theorem and the Binomial Theorem.kra (mime: application/x-krita). Result: OK. Size: 521624. MD5 Hash: b547b9e6e1a4ccae1a786cdfa3e5fa44
16 Mar 2020 21:54:40 +0100: Created image "Sin nombre", 1600 * 1200 pixels, 100 dpi. Color model: Entero de 8 bits/canal RGB/Alfa (sRGB-elle-V2-srgbtrc.icc). Layers: 2
16 Mar 2020 21:55:01 +0100: Saving Document  as /home/sergio/snap/krita/54/Practice quiz on Problem Solving.kra (mime: application/x-krita). 1600 * 1200 pixels, 4 layers.  101 frames, 24 framerate. Export configuration: No configuration
16 Mar 2020 21:55:01 +0100: Converting from application/x-krita to application/x-krita. Location: /home/sergio/snap/krita/54/Practice quiz on Problem Solving.kra. Real location: /home/sergio/snap/krita/54/Practice quiz on Problem Solving.kra. Batchmode: 0. Configuration: none
16 Mar 2020 21:55:02 +0100: Completed saving /home/sergio/snap/krita/54/Practice quiz on Problem Solving.kra (mime: application/x-krita). Result: OK. Size: 495057. MD5 Hash: 2f4356301714339b7fc3c1f7db52ad3c
17 Mar 2020 07:23:05 +0100: Created image "Sin nombre", 1600 * 1200 pixels, 100 dpi. Color model: Entero de 8 bits/canal RGB/Alfa (sRGB-elle-V2-srgbtrc.icc). Layers: 2
17 Mar 2020 07:24:22 +0100: Created image "Sin nombre", 1600 * 1200 pixels, 100 dpi. Color model: Entero de 8 bits/canal RGB/Alfa (sRGB-elle-V2-srgbtrc.icc). Layers: 2
17 Mar 2020 07:26:54 +0100: Created image "Sin nombre", 1600 * 1200 pixels, 100 dpi. Color model: Entero de 8 bits/canal RGB/Alfa (sRGB-elle-V2-srgbtrc.icc). Layers: 2
17 Mar 2020 07:32:14 +0100: Saving Document  as /home/sergio/snap/krita/54/Probability (basic and Intermediate) Graded Quiz.kra (mime: application/x-krita). 1600 * 1200 pixels, 4 layers.  101 frames, 24 framerate. Export configuration: No configuration
17 Mar 2020 07:32:14 +0100: Converting from application/x-krita to application/x-krita. Location: /home/sergio/snap/krita/54/Probability (basic and Intermediate) Graded Quiz.kra. Real location: /home/sergio/snap/krita/54/Probability (basic and Intermediate) Graded Quiz.kra. Batchmode: 0. Configuration: none
17 Mar 2020 07:32:14 +0100: Completed saving /home/sergio/snap/krita/54/Probability (basic and Intermediate) Graded Quiz.kra (mime: application/x-krita). Result: OK. Size: 405331. MD5 Hash: 66bafae4f1a0b73a736a3bbc0852bf2a
17 Mar 2020 07:32:19 +0100: Created image "Sin nombre", 1600 * 1200 pixels, 100 dpi. Color model: Entero de 8 bits/canal RGB/Alfa (sRGB-elle-V2-srgbtrc.icc). Layers: 2
17 Mar 2020 07:35:46 +0100: Importing application/x-krita to application/x-krita. Location: /home/sergio/snap/krita/54/Probability (basic and Intermediate) Graded Quiz.kra. Real location: /home/sergio/snap/krita/54/Probability (basic and Intermediate) Graded Quiz.kra. Batchmode: 0
17 Mar 2020 07:35:47 +0100: Loaded image from application/x-krita. Size: 1600 * 1200 pixels, 1.38889 dpi. Color model: Entero de 8 bits/canal RGB/Alfa (sRGB-elle-V2-srgbtrc.icc). Layers: 4
17 Mar 2020 07:36:05 +0100: Created image "Sin nombre", 1600 * 1200 pixels, 100 dpi. Color model: Entero de 8 bits/canal RGB/Alfa (sRGB-elle-V2-srgbtrc.icc). Layers: 2
17 Mar 2020 07:36:47 +0100: Saving Document  as /home/sergio/snap/krita/54/Total score.kra (mime: application/x-krita). 1600 * 1200 pixels, 4 layers.  101 frames, 24 framerate. Export configuration: No configuration
17 Mar 2020 07:36:47 +0100: Converting from application/x-krita to application/x-krita. Location: /home/sergio/snap/krita/54/Total score.kra. Real location: /home/sergio/snap/krita/54/Total score.kra. Batchmode: 0. Configuration: none
17 Mar 2020 07:36:47 +0100: Completed saving /home/sergio/snap/krita/54/Total score.kra (mime: application/x-krita). Result: OK. Size: 501627. MD5 Hash: bf29265a40fc26fcdc3d433fd0891309
17 Mar 2020 07:38:01 +0100: Created image "Sin nombre", 1600 * 1200 pixels, 100 dpi. Color model: Entero de 8 bits/canal RGB/Alfa (sRGB-elle-V2-srgbtrc.icc). Layers: 2
17 Mar 2020 20:48:37 +0100: CLOSING SESSION
